ARM GAS  /tmp/cctnfvWH.s 			page 1


   1              		.cpu cortex-m0plus
   2              		.arch armv6s-m
   3              		.fpu softvfp
   4              		.eabi_attribute 20, 1
   5              		.eabi_attribute 21, 1
   6              		.eabi_attribute 23, 3
   7              		.eabi_attribute 24, 1
   8              		.eabi_attribute 25, 1
   9              		.eabi_attribute 26, 1
  10              		.eabi_attribute 30, 1
  11              		.eabi_attribute 34, 0
  12              		.eabi_attribute 18, 4
  13              		.file	"stm32g0xx_hal_pcd_ex.c"
  14              		.text
  15              	.Ltext0:
  16              		.cfi_sections	.debug_frame
  17              		.file 1 "Drivers/STM32G0xx_HAL_Driver/Src/stm32g0xx_hal_pcd_ex.c"
  18              		.section	.text.HAL_PCDEx_PMAConfig,"ax",%progbits
  19              		.align	1
  20              		.global	HAL_PCDEx_PMAConfig
  21              		.syntax unified
  22              		.code	16
  23              		.thumb_func
  25              	HAL_PCDEx_PMAConfig:
  26              	.LVL0:
  27              	.LFB496:
   1:Drivers/STM32G0xx_HAL_Driver/Src/stm32g0xx_hal_pcd_ex.c **** /**
   2:Drivers/STM32G0xx_HAL_Driver/Src/stm32g0xx_hal_pcd_ex.c ****   ******************************************************************************
   3:Drivers/STM32G0xx_HAL_Driver/Src/stm32g0xx_hal_pcd_ex.c ****   * @file    stm32g0xx_hal_pcd_ex.c
   4:Drivers/STM32G0xx_HAL_Driver/Src/stm32g0xx_hal_pcd_ex.c ****   * @author  MCD Application Team
   5:Drivers/STM32G0xx_HAL_Driver/Src/stm32g0xx_hal_pcd_ex.c ****   * @brief   PCD Extended HAL module driver.
   6:Drivers/STM32G0xx_HAL_Driver/Src/stm32g0xx_hal_pcd_ex.c ****   *          This file provides firmware functions to manage the following
   7:Drivers/STM32G0xx_HAL_Driver/Src/stm32g0xx_hal_pcd_ex.c ****   *          functionalities of the USB Peripheral Controller:
   8:Drivers/STM32G0xx_HAL_Driver/Src/stm32g0xx_hal_pcd_ex.c ****   *           + Extended features functions
   9:Drivers/STM32G0xx_HAL_Driver/Src/stm32g0xx_hal_pcd_ex.c ****   *
  10:Drivers/STM32G0xx_HAL_Driver/Src/stm32g0xx_hal_pcd_ex.c ****   ******************************************************************************
  11:Drivers/STM32G0xx_HAL_Driver/Src/stm32g0xx_hal_pcd_ex.c ****   * @attention
  12:Drivers/STM32G0xx_HAL_Driver/Src/stm32g0xx_hal_pcd_ex.c ****   *
  13:Drivers/STM32G0xx_HAL_Driver/Src/stm32g0xx_hal_pcd_ex.c ****   * Copyright (c) 2018 STMicroelectronics.
  14:Drivers/STM32G0xx_HAL_Driver/Src/stm32g0xx_hal_pcd_ex.c ****   * All rights reserved.
  15:Drivers/STM32G0xx_HAL_Driver/Src/stm32g0xx_hal_pcd_ex.c ****   *
  16:Drivers/STM32G0xx_HAL_Driver/Src/stm32g0xx_hal_pcd_ex.c ****   * This software is licensed under terms that can be found in the LICENSE file
  17:Drivers/STM32G0xx_HAL_Driver/Src/stm32g0xx_hal_pcd_ex.c ****   * in the root directory of this software component.
  18:Drivers/STM32G0xx_HAL_Driver/Src/stm32g0xx_hal_pcd_ex.c ****   * If no LICENSE file comes with this software, it is provided AS-IS.
  19:Drivers/STM32G0xx_HAL_Driver/Src/stm32g0xx_hal_pcd_ex.c ****   *
  20:Drivers/STM32G0xx_HAL_Driver/Src/stm32g0xx_hal_pcd_ex.c ****   ******************************************************************************
  21:Drivers/STM32G0xx_HAL_Driver/Src/stm32g0xx_hal_pcd_ex.c ****   */
  22:Drivers/STM32G0xx_HAL_Driver/Src/stm32g0xx_hal_pcd_ex.c **** 
  23:Drivers/STM32G0xx_HAL_Driver/Src/stm32g0xx_hal_pcd_ex.c **** /* Includes ------------------------------------------------------------------*/
  24:Drivers/STM32G0xx_HAL_Driver/Src/stm32g0xx_hal_pcd_ex.c **** #include "stm32g0xx_hal.h"
  25:Drivers/STM32G0xx_HAL_Driver/Src/stm32g0xx_hal_pcd_ex.c **** 
  26:Drivers/STM32G0xx_HAL_Driver/Src/stm32g0xx_hal_pcd_ex.c **** /** @addtogroup STM32G0xx_HAL_Driver
  27:Drivers/STM32G0xx_HAL_Driver/Src/stm32g0xx_hal_pcd_ex.c ****   * @{
  28:Drivers/STM32G0xx_HAL_Driver/Src/stm32g0xx_hal_pcd_ex.c ****   */
  29:Drivers/STM32G0xx_HAL_Driver/Src/stm32g0xx_hal_pcd_ex.c **** 
  30:Drivers/STM32G0xx_HAL_Driver/Src/stm32g0xx_hal_pcd_ex.c **** /** @defgroup PCDEx PCDEx
  31:Drivers/STM32G0xx_HAL_Driver/Src/stm32g0xx_hal_pcd_ex.c ****   * @brief PCD Extended HAL module driver
ARM GAS  /tmp/cctnfvWH.s 			page 2


  32:Drivers/STM32G0xx_HAL_Driver/Src/stm32g0xx_hal_pcd_ex.c ****   * @{
  33:Drivers/STM32G0xx_HAL_Driver/Src/stm32g0xx_hal_pcd_ex.c ****   */
  34:Drivers/STM32G0xx_HAL_Driver/Src/stm32g0xx_hal_pcd_ex.c **** 
  35:Drivers/STM32G0xx_HAL_Driver/Src/stm32g0xx_hal_pcd_ex.c **** #ifdef HAL_PCD_MODULE_ENABLED
  36:Drivers/STM32G0xx_HAL_Driver/Src/stm32g0xx_hal_pcd_ex.c **** 
  37:Drivers/STM32G0xx_HAL_Driver/Src/stm32g0xx_hal_pcd_ex.c **** #if defined (USB_DRD_FS)
  38:Drivers/STM32G0xx_HAL_Driver/Src/stm32g0xx_hal_pcd_ex.c **** /* Private types -------------------------------------------------------------*/
  39:Drivers/STM32G0xx_HAL_Driver/Src/stm32g0xx_hal_pcd_ex.c **** /* Private variables ---------------------------------------------------------*/
  40:Drivers/STM32G0xx_HAL_Driver/Src/stm32g0xx_hal_pcd_ex.c **** /* Private constants ---------------------------------------------------------*/
  41:Drivers/STM32G0xx_HAL_Driver/Src/stm32g0xx_hal_pcd_ex.c **** /* Private macros ------------------------------------------------------------*/
  42:Drivers/STM32G0xx_HAL_Driver/Src/stm32g0xx_hal_pcd_ex.c **** /* Private functions ---------------------------------------------------------*/
  43:Drivers/STM32G0xx_HAL_Driver/Src/stm32g0xx_hal_pcd_ex.c **** /* Exported functions --------------------------------------------------------*/
  44:Drivers/STM32G0xx_HAL_Driver/Src/stm32g0xx_hal_pcd_ex.c **** 
  45:Drivers/STM32G0xx_HAL_Driver/Src/stm32g0xx_hal_pcd_ex.c **** /** @defgroup PCDEx_Exported_Functions PCDEx Exported Functions
  46:Drivers/STM32G0xx_HAL_Driver/Src/stm32g0xx_hal_pcd_ex.c ****   * @{
  47:Drivers/STM32G0xx_HAL_Driver/Src/stm32g0xx_hal_pcd_ex.c ****   */
  48:Drivers/STM32G0xx_HAL_Driver/Src/stm32g0xx_hal_pcd_ex.c **** 
  49:Drivers/STM32G0xx_HAL_Driver/Src/stm32g0xx_hal_pcd_ex.c **** /** @defgroup PCDEx_Exported_Functions_Group1 Peripheral Control functions
  50:Drivers/STM32G0xx_HAL_Driver/Src/stm32g0xx_hal_pcd_ex.c ****   * @brief    PCDEx control functions
  51:Drivers/STM32G0xx_HAL_Driver/Src/stm32g0xx_hal_pcd_ex.c ****   *
  52:Drivers/STM32G0xx_HAL_Driver/Src/stm32g0xx_hal_pcd_ex.c **** @verbatim
  53:Drivers/STM32G0xx_HAL_Driver/Src/stm32g0xx_hal_pcd_ex.c ****  ===============================================================================
  54:Drivers/STM32G0xx_HAL_Driver/Src/stm32g0xx_hal_pcd_ex.c ****                  ##### Extended features functions #####
  55:Drivers/STM32G0xx_HAL_Driver/Src/stm32g0xx_hal_pcd_ex.c ****  ===============================================================================
  56:Drivers/STM32G0xx_HAL_Driver/Src/stm32g0xx_hal_pcd_ex.c ****     [..]  This section provides functions allowing to:
  57:Drivers/STM32G0xx_HAL_Driver/Src/stm32g0xx_hal_pcd_ex.c ****       (+) Update FIFO configuration
  58:Drivers/STM32G0xx_HAL_Driver/Src/stm32g0xx_hal_pcd_ex.c **** 
  59:Drivers/STM32G0xx_HAL_Driver/Src/stm32g0xx_hal_pcd_ex.c **** @endverbatim
  60:Drivers/STM32G0xx_HAL_Driver/Src/stm32g0xx_hal_pcd_ex.c ****   * @{
  61:Drivers/STM32G0xx_HAL_Driver/Src/stm32g0xx_hal_pcd_ex.c ****   */
  62:Drivers/STM32G0xx_HAL_Driver/Src/stm32g0xx_hal_pcd_ex.c **** 
  63:Drivers/STM32G0xx_HAL_Driver/Src/stm32g0xx_hal_pcd_ex.c **** /**
  64:Drivers/STM32G0xx_HAL_Driver/Src/stm32g0xx_hal_pcd_ex.c ****   * @brief  Configure PMA for EP
  65:Drivers/STM32G0xx_HAL_Driver/Src/stm32g0xx_hal_pcd_ex.c ****   * @param  hpcd  Device instance
  66:Drivers/STM32G0xx_HAL_Driver/Src/stm32g0xx_hal_pcd_ex.c ****   * @param  ep_addr endpoint address
  67:Drivers/STM32G0xx_HAL_Driver/Src/stm32g0xx_hal_pcd_ex.c ****   * @param  ep_kind endpoint Kind
  68:Drivers/STM32G0xx_HAL_Driver/Src/stm32g0xx_hal_pcd_ex.c ****   *                  USB_SNG_BUF: Single Buffer used
  69:Drivers/STM32G0xx_HAL_Driver/Src/stm32g0xx_hal_pcd_ex.c ****   *                  USB_DBL_BUF: Double Buffer used
  70:Drivers/STM32G0xx_HAL_Driver/Src/stm32g0xx_hal_pcd_ex.c ****   * @param  pmaadress: EP address in The PMA: In case of single buffer endpoint
  71:Drivers/STM32G0xx_HAL_Driver/Src/stm32g0xx_hal_pcd_ex.c ****   *                   this parameter is 16-bit value providing the address
  72:Drivers/STM32G0xx_HAL_Driver/Src/stm32g0xx_hal_pcd_ex.c ****   *                   in PMA allocated to endpoint.
  73:Drivers/STM32G0xx_HAL_Driver/Src/stm32g0xx_hal_pcd_ex.c ****   *                   In case of double buffer endpoint this parameter
  74:Drivers/STM32G0xx_HAL_Driver/Src/stm32g0xx_hal_pcd_ex.c ****   *                   is a 32-bit value providing the endpoint buffer 0 address
  75:Drivers/STM32G0xx_HAL_Driver/Src/stm32g0xx_hal_pcd_ex.c ****   *                   in the LSB part of 32-bit value and endpoint buffer 1 address
  76:Drivers/STM32G0xx_HAL_Driver/Src/stm32g0xx_hal_pcd_ex.c ****   *                   in the MSB part of 32-bit value.
  77:Drivers/STM32G0xx_HAL_Driver/Src/stm32g0xx_hal_pcd_ex.c ****   * @retval HAL status
  78:Drivers/STM32G0xx_HAL_Driver/Src/stm32g0xx_hal_pcd_ex.c ****   */
  79:Drivers/STM32G0xx_HAL_Driver/Src/stm32g0xx_hal_pcd_ex.c **** 
  80:Drivers/STM32G0xx_HAL_Driver/Src/stm32g0xx_hal_pcd_ex.c **** HAL_StatusTypeDef  HAL_PCDEx_PMAConfig(PCD_HandleTypeDef *hpcd, uint16_t ep_addr,
  81:Drivers/STM32G0xx_HAL_Driver/Src/stm32g0xx_hal_pcd_ex.c ****                                        uint16_t ep_kind, uint32_t pmaadress)
  82:Drivers/STM32G0xx_HAL_Driver/Src/stm32g0xx_hal_pcd_ex.c **** {
  28              		.loc 1 82 1 view -0
  29              		.cfi_startproc
  30              		@ args = 0, pretend = 0, frame = 0
  31              		@ frame_needed = 0, uses_anonymous_args = 0
  32              		.loc 1 82 1 is_stmt 0 view .LVU1
  33 0000 10B5     		push	{r4, lr}
ARM GAS  /tmp/cctnfvWH.s 			page 3


  34              	.LCFI0:
  35              		.cfi_def_cfa_offset 8
  36              		.cfi_offset 4, -8
  37              		.cfi_offset 14, -4
  83:Drivers/STM32G0xx_HAL_Driver/Src/stm32g0xx_hal_pcd_ex.c ****   PCD_EPTypeDef *ep;
  38              		.loc 1 83 3 is_stmt 1 view .LVU2
  84:Drivers/STM32G0xx_HAL_Driver/Src/stm32g0xx_hal_pcd_ex.c **** 
  85:Drivers/STM32G0xx_HAL_Driver/Src/stm32g0xx_hal_pcd_ex.c ****   /* initialize ep structure*/
  86:Drivers/STM32G0xx_HAL_Driver/Src/stm32g0xx_hal_pcd_ex.c ****   if ((0x80U & ep_addr) == 0x80U)
  39              		.loc 1 86 3 view .LVU3
  40              		.loc 1 86 6 is_stmt 0 view .LVU4
  41 0002 0C06     		lsls	r4, r1, #24
  42 0004 0DD5     		bpl	.L2
  87:Drivers/STM32G0xx_HAL_Driver/Src/stm32g0xx_hal_pcd_ex.c ****   {
  88:Drivers/STM32G0xx_HAL_Driver/Src/stm32g0xx_hal_pcd_ex.c ****     ep = &hpcd->IN_ep[ep_addr & EP_ADDR_MSK];
  43              		.loc 1 88 5 is_stmt 1 view .LVU5
  44              		.loc 1 88 31 is_stmt 0 view .LVU6
  45 0006 0724     		movs	r4, #7
  46 0008 0C40     		ands	r4, r1
  47              		.loc 1 88 8 view .LVU7
  48 000a A100     		lsls	r1, r4, #2
  49              	.LVL1:
  50              		.loc 1 88 8 view .LVU8
  51 000c 0919     		adds	r1, r1, r4
  52 000e C900     		lsls	r1, r1, #3
  53 0010 3831     		adds	r1, r1, #56
  54 0012 4018     		adds	r0, r0, r1
  55              	.LVL2:
  56              		.loc 1 88 8 view .LVU9
  57 0014 0430     		adds	r0, r0, #4
  58              	.LVL3:
  59              	.L3:
  89:Drivers/STM32G0xx_HAL_Driver/Src/stm32g0xx_hal_pcd_ex.c ****   }
  90:Drivers/STM32G0xx_HAL_Driver/Src/stm32g0xx_hal_pcd_ex.c ****   else
  91:Drivers/STM32G0xx_HAL_Driver/Src/stm32g0xx_hal_pcd_ex.c ****   {
  92:Drivers/STM32G0xx_HAL_Driver/Src/stm32g0xx_hal_pcd_ex.c ****     ep = &hpcd->OUT_ep[ep_addr];
  93:Drivers/STM32G0xx_HAL_Driver/Src/stm32g0xx_hal_pcd_ex.c ****   }
  94:Drivers/STM32G0xx_HAL_Driver/Src/stm32g0xx_hal_pcd_ex.c **** 
  95:Drivers/STM32G0xx_HAL_Driver/Src/stm32g0xx_hal_pcd_ex.c ****   /* Here we check if the endpoint is single or double Buffer*/
  96:Drivers/STM32G0xx_HAL_Driver/Src/stm32g0xx_hal_pcd_ex.c ****   if (ep_kind == PCD_SNG_BUF)
  60              		.loc 1 96 3 is_stmt 1 view .LVU10
  61              		.loc 1 96 6 is_stmt 0 view .LVU11
  62 0016 002A     		cmp	r2, #0
  63 0018 0BD1     		bne	.L4
  97:Drivers/STM32G0xx_HAL_Driver/Src/stm32g0xx_hal_pcd_ex.c ****   {
  98:Drivers/STM32G0xx_HAL_Driver/Src/stm32g0xx_hal_pcd_ex.c ****     /* Single Buffer */
  99:Drivers/STM32G0xx_HAL_Driver/Src/stm32g0xx_hal_pcd_ex.c ****     ep->doublebuffer = 0U;
  64              		.loc 1 99 5 is_stmt 1 view .LVU12
  65              		.loc 1 99 22 is_stmt 0 view .LVU13
  66 001a 8272     		strb	r2, [r0, #10]
 100:Drivers/STM32G0xx_HAL_Driver/Src/stm32g0xx_hal_pcd_ex.c ****     /* Configure the PMA */
 101:Drivers/STM32G0xx_HAL_Driver/Src/stm32g0xx_hal_pcd_ex.c ****     ep->pmaadress = (uint16_t)pmaadress;
  67              		.loc 1 101 5 is_stmt 1 view .LVU14
  68              		.loc 1 101 19 is_stmt 0 view .LVU15
  69 001c 8380     		strh	r3, [r0, #4]
  70              	.LVL4:
  71              	.L5:
ARM GAS  /tmp/cctnfvWH.s 			page 4


 102:Drivers/STM32G0xx_HAL_Driver/Src/stm32g0xx_hal_pcd_ex.c ****   }
 103:Drivers/STM32G0xx_HAL_Driver/Src/stm32g0xx_hal_pcd_ex.c **** #if (USE_USB_DOUBLE_BUFFER == 1U)
 104:Drivers/STM32G0xx_HAL_Driver/Src/stm32g0xx_hal_pcd_ex.c ****   else /* USB_DBL_BUF */
 105:Drivers/STM32G0xx_HAL_Driver/Src/stm32g0xx_hal_pcd_ex.c ****   {
 106:Drivers/STM32G0xx_HAL_Driver/Src/stm32g0xx_hal_pcd_ex.c ****     /* Double Buffer Endpoint */
 107:Drivers/STM32G0xx_HAL_Driver/Src/stm32g0xx_hal_pcd_ex.c ****     ep->doublebuffer = 1U;
 108:Drivers/STM32G0xx_HAL_Driver/Src/stm32g0xx_hal_pcd_ex.c ****     /* Configure the PMA */
 109:Drivers/STM32G0xx_HAL_Driver/Src/stm32g0xx_hal_pcd_ex.c ****     ep->pmaaddr0 = (uint16_t)(pmaadress & 0xFFFFU);
 110:Drivers/STM32G0xx_HAL_Driver/Src/stm32g0xx_hal_pcd_ex.c ****     ep->pmaaddr1 = (uint16_t)((pmaadress & 0xFFFF0000U) >> 16);
 111:Drivers/STM32G0xx_HAL_Driver/Src/stm32g0xx_hal_pcd_ex.c ****   }
 112:Drivers/STM32G0xx_HAL_Driver/Src/stm32g0xx_hal_pcd_ex.c **** #endif /* (USE_USB_DOUBLE_BUFFER == 1U) */
 113:Drivers/STM32G0xx_HAL_Driver/Src/stm32g0xx_hal_pcd_ex.c **** 
 114:Drivers/STM32G0xx_HAL_Driver/Src/stm32g0xx_hal_pcd_ex.c ****   return HAL_OK;
  72              		.loc 1 114 3 is_stmt 1 view .LVU16
 115:Drivers/STM32G0xx_HAL_Driver/Src/stm32g0xx_hal_pcd_ex.c **** }
  73              		.loc 1 115 1 is_stmt 0 view .LVU17
  74 001e 0020     		movs	r0, #0
  75              	.LVL5:
  76              		.loc 1 115 1 view .LVU18
  77              		@ sp needed
  78 0020 10BD     		pop	{r4, pc}
  79              	.LVL6:
  80              	.L2:
  92:Drivers/STM32G0xx_HAL_Driver/Src/stm32g0xx_hal_pcd_ex.c ****   }
  81              		.loc 1 92 5 is_stmt 1 view .LVU19
  92:Drivers/STM32G0xx_HAL_Driver/Src/stm32g0xx_hal_pcd_ex.c ****   }
  82              		.loc 1 92 8 is_stmt 0 view .LVU20
  83 0022 8C00     		lsls	r4, r1, #2
  84 0024 6118     		adds	r1, r4, r1
  85              	.LVL7:
  92:Drivers/STM32G0xx_HAL_Driver/Src/stm32g0xx_hal_pcd_ex.c ****   }
  86              		.loc 1 92 8 view .LVU21
  87 0026 C900     		lsls	r1, r1, #3
  88 0028 7931     		adds	r1, r1, #121
  89 002a FF31     		adds	r1, r1, #255
  90 002c 4018     		adds	r0, r0, r1
  91              	.LVL8:
  92:Drivers/STM32G0xx_HAL_Driver/Src/stm32g0xx_hal_pcd_ex.c ****   }
  92              		.loc 1 92 8 view .LVU22
  93 002e 0430     		adds	r0, r0, #4
  94 0030 F1E7     		b	.L3
  95              	.LVL9:
  96              	.L4:
 107:Drivers/STM32G0xx_HAL_Driver/Src/stm32g0xx_hal_pcd_ex.c ****     /* Configure the PMA */
  97              		.loc 1 107 5 is_stmt 1 view .LVU23
 107:Drivers/STM32G0xx_HAL_Driver/Src/stm32g0xx_hal_pcd_ex.c ****     /* Configure the PMA */
  98              		.loc 1 107 22 is_stmt 0 view .LVU24
  99 0032 0122     		movs	r2, #1
 100              	.LVL10:
 107:Drivers/STM32G0xx_HAL_Driver/Src/stm32g0xx_hal_pcd_ex.c ****     /* Configure the PMA */
 101              		.loc 1 107 22 view .LVU25
 102 0034 8272     		strb	r2, [r0, #10]
 109:Drivers/STM32G0xx_HAL_Driver/Src/stm32g0xx_hal_pcd_ex.c ****     ep->pmaaddr1 = (uint16_t)((pmaadress & 0xFFFF0000U) >> 16);
 103              		.loc 1 109 5 is_stmt 1 view .LVU26
 109:Drivers/STM32G0xx_HAL_Driver/Src/stm32g0xx_hal_pcd_ex.c ****     ep->pmaaddr1 = (uint16_t)((pmaadress & 0xFFFF0000U) >> 16);
 104              		.loc 1 109 18 is_stmt 0 view .LVU27
 105 0036 C380     		strh	r3, [r0, #6]
ARM GAS  /tmp/cctnfvWH.s 			page 5


 110:Drivers/STM32G0xx_HAL_Driver/Src/stm32g0xx_hal_pcd_ex.c ****   }
 106              		.loc 1 110 5 is_stmt 1 view .LVU28
 110:Drivers/STM32G0xx_HAL_Driver/Src/stm32g0xx_hal_pcd_ex.c ****   }
 107              		.loc 1 110 20 is_stmt 0 view .LVU29
 108 0038 1B0C     		lsrs	r3, r3, #16
 109              	.LVL11:
 110:Drivers/STM32G0xx_HAL_Driver/Src/stm32g0xx_hal_pcd_ex.c ****   }
 110              		.loc 1 110 18 view .LVU30
 111 003a 0381     		strh	r3, [r0, #8]
 112 003c EFE7     		b	.L5
 113              		.cfi_endproc
 114              	.LFE496:
 116              		.section	.text.HAL_PCDEx_ActivateBCD,"ax",%progbits
 117              		.align	1
 118              		.global	HAL_PCDEx_ActivateBCD
 119              		.syntax unified
 120              		.code	16
 121              		.thumb_func
 123              	HAL_PCDEx_ActivateBCD:
 124              	.LVL12:
 125              	.LFB497:
 116:Drivers/STM32G0xx_HAL_Driver/Src/stm32g0xx_hal_pcd_ex.c **** 
 117:Drivers/STM32G0xx_HAL_Driver/Src/stm32g0xx_hal_pcd_ex.c **** /**
 118:Drivers/STM32G0xx_HAL_Driver/Src/stm32g0xx_hal_pcd_ex.c ****   * @brief  Activate BatteryCharging feature.
 119:Drivers/STM32G0xx_HAL_Driver/Src/stm32g0xx_hal_pcd_ex.c ****   * @param  hpcd PCD handle
 120:Drivers/STM32G0xx_HAL_Driver/Src/stm32g0xx_hal_pcd_ex.c ****   * @retval HAL status
 121:Drivers/STM32G0xx_HAL_Driver/Src/stm32g0xx_hal_pcd_ex.c ****   */
 122:Drivers/STM32G0xx_HAL_Driver/Src/stm32g0xx_hal_pcd_ex.c **** HAL_StatusTypeDef HAL_PCDEx_ActivateBCD(PCD_HandleTypeDef *hpcd)
 123:Drivers/STM32G0xx_HAL_Driver/Src/stm32g0xx_hal_pcd_ex.c **** {
 126              		.loc 1 123 1 is_stmt 1 view -0
 127              		.cfi_startproc
 128              		@ args = 0, pretend = 0, frame = 0
 129              		@ frame_needed = 0, uses_anonymous_args = 0
 130              		@ link register save eliminated.
 124:Drivers/STM32G0xx_HAL_Driver/Src/stm32g0xx_hal_pcd_ex.c ****   USB_DRD_TypeDef *USBx = hpcd->Instance;
 131              		.loc 1 124 3 view .LVU32
 132              		.loc 1 124 20 is_stmt 0 view .LVU33
 133 0000 0368     		ldr	r3, [r0]
 134              	.LVL13:
 125:Drivers/STM32G0xx_HAL_Driver/Src/stm32g0xx_hal_pcd_ex.c ****   hpcd->battery_charging_active = 1U;
 135              		.loc 1 125 3 is_stmt 1 view .LVU34
 136              		.loc 1 125 33 is_stmt 0 view .LVU35
 137 0002 0121     		movs	r1, #1
 138 0004 C022     		movs	r2, #192
 139 0006 9200     		lsls	r2, r2, #2
 140 0008 8150     		str	r1, [r0, r2]
 126:Drivers/STM32G0xx_HAL_Driver/Src/stm32g0xx_hal_pcd_ex.c **** 
 127:Drivers/STM32G0xx_HAL_Driver/Src/stm32g0xx_hal_pcd_ex.c ****   /* Enable BCD feature */
 128:Drivers/STM32G0xx_HAL_Driver/Src/stm32g0xx_hal_pcd_ex.c ****   USBx->BCDR |= USB_BCDR_BCDEN;
 141              		.loc 1 128 3 is_stmt 1 view .LVU36
 142              		.loc 1 128 7 is_stmt 0 view .LVU37
 143 000a 9A6D     		ldr	r2, [r3, #88]
 144              		.loc 1 128 14 view .LVU38
 145 000c 0A43     		orrs	r2, r1
 146 000e 9A65     		str	r2, [r3, #88]
 129:Drivers/STM32G0xx_HAL_Driver/Src/stm32g0xx_hal_pcd_ex.c **** 
 130:Drivers/STM32G0xx_HAL_Driver/Src/stm32g0xx_hal_pcd_ex.c ****   /* Enable DCD : Data Contact Detect */
ARM GAS  /tmp/cctnfvWH.s 			page 6


 131:Drivers/STM32G0xx_HAL_Driver/Src/stm32g0xx_hal_pcd_ex.c ****   USBx->BCDR &= ~(USB_BCDR_PDEN);
 147              		.loc 1 131 3 is_stmt 1 view .LVU39
 148              		.loc 1 131 7 is_stmt 0 view .LVU40
 149 0010 9A6D     		ldr	r2, [r3, #88]
 150              		.loc 1 131 14 view .LVU41
 151 0012 0331     		adds	r1, r1, #3
 152 0014 8A43     		bics	r2, r1
 153 0016 9A65     		str	r2, [r3, #88]
 132:Drivers/STM32G0xx_HAL_Driver/Src/stm32g0xx_hal_pcd_ex.c ****   USBx->BCDR &= ~(USB_BCDR_SDEN);
 154              		.loc 1 132 3 is_stmt 1 view .LVU42
 155              		.loc 1 132 7 is_stmt 0 view .LVU43
 156 0018 9A6D     		ldr	r2, [r3, #88]
 157              		.loc 1 132 14 view .LVU44
 158 001a 0431     		adds	r1, r1, #4
 159 001c 8A43     		bics	r2, r1
 160 001e 9A65     		str	r2, [r3, #88]
 133:Drivers/STM32G0xx_HAL_Driver/Src/stm32g0xx_hal_pcd_ex.c ****   USBx->BCDR |= USB_BCDR_DCDEN;
 161              		.loc 1 133 3 is_stmt 1 view .LVU45
 162              		.loc 1 133 7 is_stmt 0 view .LVU46
 163 0020 9A6D     		ldr	r2, [r3, #88]
 164              		.loc 1 133 14 view .LVU47
 165 0022 0639     		subs	r1, r1, #6
 166 0024 0A43     		orrs	r2, r1
 167 0026 9A65     		str	r2, [r3, #88]
 134:Drivers/STM32G0xx_HAL_Driver/Src/stm32g0xx_hal_pcd_ex.c **** 
 135:Drivers/STM32G0xx_HAL_Driver/Src/stm32g0xx_hal_pcd_ex.c ****   return HAL_OK;
 168              		.loc 1 135 3 is_stmt 1 view .LVU48
 136:Drivers/STM32G0xx_HAL_Driver/Src/stm32g0xx_hal_pcd_ex.c **** }
 169              		.loc 1 136 1 is_stmt 0 view .LVU49
 170 0028 0020     		movs	r0, #0
 171              	.LVL14:
 172              		.loc 1 136 1 view .LVU50
 173              		@ sp needed
 174 002a 7047     		bx	lr
 175              		.cfi_endproc
 176              	.LFE497:
 178              		.section	.text.HAL_PCDEx_DeActivateBCD,"ax",%progbits
 179              		.align	1
 180              		.global	HAL_PCDEx_DeActivateBCD
 181              		.syntax unified
 182              		.code	16
 183              		.thumb_func
 185              	HAL_PCDEx_DeActivateBCD:
 186              	.LVL15:
 187              	.LFB498:
 137:Drivers/STM32G0xx_HAL_Driver/Src/stm32g0xx_hal_pcd_ex.c **** 
 138:Drivers/STM32G0xx_HAL_Driver/Src/stm32g0xx_hal_pcd_ex.c **** /**
 139:Drivers/STM32G0xx_HAL_Driver/Src/stm32g0xx_hal_pcd_ex.c ****   * @brief  Deactivate BatteryCharging feature.
 140:Drivers/STM32G0xx_HAL_Driver/Src/stm32g0xx_hal_pcd_ex.c ****   * @param  hpcd PCD handle
 141:Drivers/STM32G0xx_HAL_Driver/Src/stm32g0xx_hal_pcd_ex.c ****   * @retval HAL status
 142:Drivers/STM32G0xx_HAL_Driver/Src/stm32g0xx_hal_pcd_ex.c ****   */
 143:Drivers/STM32G0xx_HAL_Driver/Src/stm32g0xx_hal_pcd_ex.c **** HAL_StatusTypeDef HAL_PCDEx_DeActivateBCD(PCD_HandleTypeDef *hpcd)
 144:Drivers/STM32G0xx_HAL_Driver/Src/stm32g0xx_hal_pcd_ex.c **** {
 188              		.loc 1 144 1 is_stmt 1 view -0
 189              		.cfi_startproc
 190              		@ args = 0, pretend = 0, frame = 0
 191              		@ frame_needed = 0, uses_anonymous_args = 0
ARM GAS  /tmp/cctnfvWH.s 			page 7


 192              		@ link register save eliminated.
 145:Drivers/STM32G0xx_HAL_Driver/Src/stm32g0xx_hal_pcd_ex.c ****   USB_DRD_TypeDef *USBx = hpcd->Instance;
 193              		.loc 1 145 3 view .LVU52
 194              		.loc 1 145 20 is_stmt 0 view .LVU53
 195 0000 0268     		ldr	r2, [r0]
 196              	.LVL16:
 146:Drivers/STM32G0xx_HAL_Driver/Src/stm32g0xx_hal_pcd_ex.c ****   hpcd->battery_charging_active = 0U;
 197              		.loc 1 146 3 is_stmt 1 view .LVU54
 198              		.loc 1 146 33 is_stmt 0 view .LVU55
 199 0002 C023     		movs	r3, #192
 200 0004 9B00     		lsls	r3, r3, #2
 201 0006 0021     		movs	r1, #0
 202 0008 C150     		str	r1, [r0, r3]
 147:Drivers/STM32G0xx_HAL_Driver/Src/stm32g0xx_hal_pcd_ex.c **** 
 148:Drivers/STM32G0xx_HAL_Driver/Src/stm32g0xx_hal_pcd_ex.c ****   /* Disable BCD feature */
 149:Drivers/STM32G0xx_HAL_Driver/Src/stm32g0xx_hal_pcd_ex.c ****   USBx->BCDR &= ~(USB_BCDR_BCDEN);
 203              		.loc 1 149 3 is_stmt 1 view .LVU56
 204              		.loc 1 149 7 is_stmt 0 view .LVU57
 205 000a 936D     		ldr	r3, [r2, #88]
 206              		.loc 1 149 14 view .LVU58
 207 000c 0131     		adds	r1, r1, #1
 208 000e 8B43     		bics	r3, r1
 209 0010 9365     		str	r3, [r2, #88]
 150:Drivers/STM32G0xx_HAL_Driver/Src/stm32g0xx_hal_pcd_ex.c **** 
 151:Drivers/STM32G0xx_HAL_Driver/Src/stm32g0xx_hal_pcd_ex.c ****   return HAL_OK;
 210              		.loc 1 151 3 is_stmt 1 view .LVU59
 152:Drivers/STM32G0xx_HAL_Driver/Src/stm32g0xx_hal_pcd_ex.c **** }
 211              		.loc 1 152 1 is_stmt 0 view .LVU60
 212 0012 0020     		movs	r0, #0
 213              	.LVL17:
 214              		.loc 1 152 1 view .LVU61
 215              		@ sp needed
 216 0014 7047     		bx	lr
 217              		.cfi_endproc
 218              	.LFE498:
 220              		.section	.text.HAL_PCDEx_ActivateLPM,"ax",%progbits
 221              		.align	1
 222              		.global	HAL_PCDEx_ActivateLPM
 223              		.syntax unified
 224              		.code	16
 225              		.thumb_func
 227              	HAL_PCDEx_ActivateLPM:
 228              	.LVL18:
 229              	.LFB500:
 153:Drivers/STM32G0xx_HAL_Driver/Src/stm32g0xx_hal_pcd_ex.c **** 
 154:Drivers/STM32G0xx_HAL_Driver/Src/stm32g0xx_hal_pcd_ex.c **** /**
 155:Drivers/STM32G0xx_HAL_Driver/Src/stm32g0xx_hal_pcd_ex.c ****   * @brief  Handle BatteryCharging Process.
 156:Drivers/STM32G0xx_HAL_Driver/Src/stm32g0xx_hal_pcd_ex.c ****   * @param  hpcd PCD handle
 157:Drivers/STM32G0xx_HAL_Driver/Src/stm32g0xx_hal_pcd_ex.c ****   * @retval HAL status
 158:Drivers/STM32G0xx_HAL_Driver/Src/stm32g0xx_hal_pcd_ex.c ****   */
 159:Drivers/STM32G0xx_HAL_Driver/Src/stm32g0xx_hal_pcd_ex.c **** void HAL_PCDEx_BCD_VBUSDetect(PCD_HandleTypeDef *hpcd)
 160:Drivers/STM32G0xx_HAL_Driver/Src/stm32g0xx_hal_pcd_ex.c **** {
 161:Drivers/STM32G0xx_HAL_Driver/Src/stm32g0xx_hal_pcd_ex.c ****   USB_DRD_TypeDef *USBx = hpcd->Instance;
 162:Drivers/STM32G0xx_HAL_Driver/Src/stm32g0xx_hal_pcd_ex.c ****   uint32_t tickstart = HAL_GetTick();
 163:Drivers/STM32G0xx_HAL_Driver/Src/stm32g0xx_hal_pcd_ex.c **** 
 164:Drivers/STM32G0xx_HAL_Driver/Src/stm32g0xx_hal_pcd_ex.c ****   /* Wait for Min DCD Timeout */
 165:Drivers/STM32G0xx_HAL_Driver/Src/stm32g0xx_hal_pcd_ex.c ****   HAL_Delay(300U);
ARM GAS  /tmp/cctnfvWH.s 			page 8


 166:Drivers/STM32G0xx_HAL_Driver/Src/stm32g0xx_hal_pcd_ex.c **** 
 167:Drivers/STM32G0xx_HAL_Driver/Src/stm32g0xx_hal_pcd_ex.c ****   /* Data Pin Contact ? Check Detect flag */
 168:Drivers/STM32G0xx_HAL_Driver/Src/stm32g0xx_hal_pcd_ex.c ****   if ((USBx->BCDR & USB_BCDR_DCDET) == USB_BCDR_DCDET)
 169:Drivers/STM32G0xx_HAL_Driver/Src/stm32g0xx_hal_pcd_ex.c ****   {
 170:Drivers/STM32G0xx_HAL_Driver/Src/stm32g0xx_hal_pcd_ex.c **** #if (USE_HAL_PCD_REGISTER_CALLBACKS == 1U)
 171:Drivers/STM32G0xx_HAL_Driver/Src/stm32g0xx_hal_pcd_ex.c ****     hpcd->BCDCallback(hpcd, PCD_BCD_CONTACT_DETECTION);
 172:Drivers/STM32G0xx_HAL_Driver/Src/stm32g0xx_hal_pcd_ex.c **** #else
 173:Drivers/STM32G0xx_HAL_Driver/Src/stm32g0xx_hal_pcd_ex.c ****     HAL_PCDEx_BCD_Callback(hpcd, PCD_BCD_CONTACT_DETECTION);
 174:Drivers/STM32G0xx_HAL_Driver/Src/stm32g0xx_hal_pcd_ex.c **** #endif /* USE_HAL_PCD_REGISTER_CALLBACKS */
 175:Drivers/STM32G0xx_HAL_Driver/Src/stm32g0xx_hal_pcd_ex.c ****   }
 176:Drivers/STM32G0xx_HAL_Driver/Src/stm32g0xx_hal_pcd_ex.c ****   /* Primary detection: checks if connected to Standard Downstream Port
 177:Drivers/STM32G0xx_HAL_Driver/Src/stm32g0xx_hal_pcd_ex.c ****   (without charging capability) */
 178:Drivers/STM32G0xx_HAL_Driver/Src/stm32g0xx_hal_pcd_ex.c ****   USBx->BCDR &= ~(USB_BCDR_DCDEN);
 179:Drivers/STM32G0xx_HAL_Driver/Src/stm32g0xx_hal_pcd_ex.c ****   HAL_Delay(50U);
 180:Drivers/STM32G0xx_HAL_Driver/Src/stm32g0xx_hal_pcd_ex.c ****   USBx->BCDR |= (USB_BCDR_PDEN);
 181:Drivers/STM32G0xx_HAL_Driver/Src/stm32g0xx_hal_pcd_ex.c ****   HAL_Delay(50U);
 182:Drivers/STM32G0xx_HAL_Driver/Src/stm32g0xx_hal_pcd_ex.c **** 
 183:Drivers/STM32G0xx_HAL_Driver/Src/stm32g0xx_hal_pcd_ex.c ****   /* If Charger detect ? */
 184:Drivers/STM32G0xx_HAL_Driver/Src/stm32g0xx_hal_pcd_ex.c ****   if ((USBx->BCDR & USB_BCDR_PDET) == USB_BCDR_PDET)
 185:Drivers/STM32G0xx_HAL_Driver/Src/stm32g0xx_hal_pcd_ex.c ****   {
 186:Drivers/STM32G0xx_HAL_Driver/Src/stm32g0xx_hal_pcd_ex.c ****     /* Start secondary detection to check connection to Charging Downstream
 187:Drivers/STM32G0xx_HAL_Driver/Src/stm32g0xx_hal_pcd_ex.c ****     Port or Dedicated Charging Port */
 188:Drivers/STM32G0xx_HAL_Driver/Src/stm32g0xx_hal_pcd_ex.c ****     USBx->BCDR &= ~(USB_BCDR_PDEN);
 189:Drivers/STM32G0xx_HAL_Driver/Src/stm32g0xx_hal_pcd_ex.c ****     HAL_Delay(50U);
 190:Drivers/STM32G0xx_HAL_Driver/Src/stm32g0xx_hal_pcd_ex.c ****     USBx->BCDR |= (USB_BCDR_SDEN);
 191:Drivers/STM32G0xx_HAL_Driver/Src/stm32g0xx_hal_pcd_ex.c ****     HAL_Delay(50U);
 192:Drivers/STM32G0xx_HAL_Driver/Src/stm32g0xx_hal_pcd_ex.c **** 
 193:Drivers/STM32G0xx_HAL_Driver/Src/stm32g0xx_hal_pcd_ex.c ****     /* If CDP ? */
 194:Drivers/STM32G0xx_HAL_Driver/Src/stm32g0xx_hal_pcd_ex.c ****     if ((USBx->BCDR & USB_BCDR_SDET) == USB_BCDR_SDET)
 195:Drivers/STM32G0xx_HAL_Driver/Src/stm32g0xx_hal_pcd_ex.c ****     {
 196:Drivers/STM32G0xx_HAL_Driver/Src/stm32g0xx_hal_pcd_ex.c ****       /* Dedicated Downstream Port DCP */
 197:Drivers/STM32G0xx_HAL_Driver/Src/stm32g0xx_hal_pcd_ex.c **** #if (USE_HAL_PCD_REGISTER_CALLBACKS == 1U)
 198:Drivers/STM32G0xx_HAL_Driver/Src/stm32g0xx_hal_pcd_ex.c ****       hpcd->BCDCallback(hpcd, PCD_BCD_DEDICATED_CHARGING_PORT);
 199:Drivers/STM32G0xx_HAL_Driver/Src/stm32g0xx_hal_pcd_ex.c **** #else
 200:Drivers/STM32G0xx_HAL_Driver/Src/stm32g0xx_hal_pcd_ex.c ****       HAL_PCDEx_BCD_Callback(hpcd, PCD_BCD_DEDICATED_CHARGING_PORT);
 201:Drivers/STM32G0xx_HAL_Driver/Src/stm32g0xx_hal_pcd_ex.c **** #endif /* USE_HAL_PCD_REGISTER_CALLBACKS */
 202:Drivers/STM32G0xx_HAL_Driver/Src/stm32g0xx_hal_pcd_ex.c ****     }
 203:Drivers/STM32G0xx_HAL_Driver/Src/stm32g0xx_hal_pcd_ex.c ****     else
 204:Drivers/STM32G0xx_HAL_Driver/Src/stm32g0xx_hal_pcd_ex.c ****     {
 205:Drivers/STM32G0xx_HAL_Driver/Src/stm32g0xx_hal_pcd_ex.c ****       /* Charging Downstream Port CDP */
 206:Drivers/STM32G0xx_HAL_Driver/Src/stm32g0xx_hal_pcd_ex.c **** #if (USE_HAL_PCD_REGISTER_CALLBACKS == 1U)
 207:Drivers/STM32G0xx_HAL_Driver/Src/stm32g0xx_hal_pcd_ex.c ****       hpcd->BCDCallback(hpcd, PCD_BCD_CHARGING_DOWNSTREAM_PORT);
 208:Drivers/STM32G0xx_HAL_Driver/Src/stm32g0xx_hal_pcd_ex.c **** #else
 209:Drivers/STM32G0xx_HAL_Driver/Src/stm32g0xx_hal_pcd_ex.c ****       HAL_PCDEx_BCD_Callback(hpcd, PCD_BCD_CHARGING_DOWNSTREAM_PORT);
 210:Drivers/STM32G0xx_HAL_Driver/Src/stm32g0xx_hal_pcd_ex.c **** #endif /* USE_HAL_PCD_REGISTER_CALLBACKS */
 211:Drivers/STM32G0xx_HAL_Driver/Src/stm32g0xx_hal_pcd_ex.c ****     }
 212:Drivers/STM32G0xx_HAL_Driver/Src/stm32g0xx_hal_pcd_ex.c ****   }
 213:Drivers/STM32G0xx_HAL_Driver/Src/stm32g0xx_hal_pcd_ex.c ****   else /* NO */
 214:Drivers/STM32G0xx_HAL_Driver/Src/stm32g0xx_hal_pcd_ex.c ****   {
 215:Drivers/STM32G0xx_HAL_Driver/Src/stm32g0xx_hal_pcd_ex.c ****     /* Standard Downstream Port */
 216:Drivers/STM32G0xx_HAL_Driver/Src/stm32g0xx_hal_pcd_ex.c **** #if (USE_HAL_PCD_REGISTER_CALLBACKS == 1U)
 217:Drivers/STM32G0xx_HAL_Driver/Src/stm32g0xx_hal_pcd_ex.c ****     hpcd->BCDCallback(hpcd, PCD_BCD_STD_DOWNSTREAM_PORT);
 218:Drivers/STM32G0xx_HAL_Driver/Src/stm32g0xx_hal_pcd_ex.c **** #else
 219:Drivers/STM32G0xx_HAL_Driver/Src/stm32g0xx_hal_pcd_ex.c ****     HAL_PCDEx_BCD_Callback(hpcd, PCD_BCD_STD_DOWNSTREAM_PORT);
 220:Drivers/STM32G0xx_HAL_Driver/Src/stm32g0xx_hal_pcd_ex.c **** #endif /* USE_HAL_PCD_REGISTER_CALLBACKS */
 221:Drivers/STM32G0xx_HAL_Driver/Src/stm32g0xx_hal_pcd_ex.c ****   }
 222:Drivers/STM32G0xx_HAL_Driver/Src/stm32g0xx_hal_pcd_ex.c **** 
ARM GAS  /tmp/cctnfvWH.s 			page 9


 223:Drivers/STM32G0xx_HAL_Driver/Src/stm32g0xx_hal_pcd_ex.c ****   /* Battery Charging capability discovery finished Start Enumeration */
 224:Drivers/STM32G0xx_HAL_Driver/Src/stm32g0xx_hal_pcd_ex.c ****   (void)HAL_PCDEx_DeActivateBCD(hpcd);
 225:Drivers/STM32G0xx_HAL_Driver/Src/stm32g0xx_hal_pcd_ex.c **** 
 226:Drivers/STM32G0xx_HAL_Driver/Src/stm32g0xx_hal_pcd_ex.c ****   /* Check for the Timeout, else start USB Device */
 227:Drivers/STM32G0xx_HAL_Driver/Src/stm32g0xx_hal_pcd_ex.c ****   if ((HAL_GetTick() - tickstart) > 1000U)
 228:Drivers/STM32G0xx_HAL_Driver/Src/stm32g0xx_hal_pcd_ex.c ****   {
 229:Drivers/STM32G0xx_HAL_Driver/Src/stm32g0xx_hal_pcd_ex.c **** #if (USE_HAL_PCD_REGISTER_CALLBACKS == 1U)
 230:Drivers/STM32G0xx_HAL_Driver/Src/stm32g0xx_hal_pcd_ex.c ****     hpcd->BCDCallback(hpcd, PCD_BCD_ERROR);
 231:Drivers/STM32G0xx_HAL_Driver/Src/stm32g0xx_hal_pcd_ex.c **** #else
 232:Drivers/STM32G0xx_HAL_Driver/Src/stm32g0xx_hal_pcd_ex.c ****     HAL_PCDEx_BCD_Callback(hpcd, PCD_BCD_ERROR);
 233:Drivers/STM32G0xx_HAL_Driver/Src/stm32g0xx_hal_pcd_ex.c **** #endif /* USE_HAL_PCD_REGISTER_CALLBACKS */
 234:Drivers/STM32G0xx_HAL_Driver/Src/stm32g0xx_hal_pcd_ex.c ****   }
 235:Drivers/STM32G0xx_HAL_Driver/Src/stm32g0xx_hal_pcd_ex.c ****   else
 236:Drivers/STM32G0xx_HAL_Driver/Src/stm32g0xx_hal_pcd_ex.c ****   {
 237:Drivers/STM32G0xx_HAL_Driver/Src/stm32g0xx_hal_pcd_ex.c **** #if (USE_HAL_PCD_REGISTER_CALLBACKS == 1U)
 238:Drivers/STM32G0xx_HAL_Driver/Src/stm32g0xx_hal_pcd_ex.c ****     hpcd->BCDCallback(hpcd, PCD_BCD_DISCOVERY_COMPLETED);
 239:Drivers/STM32G0xx_HAL_Driver/Src/stm32g0xx_hal_pcd_ex.c **** #else
 240:Drivers/STM32G0xx_HAL_Driver/Src/stm32g0xx_hal_pcd_ex.c ****     HAL_PCDEx_BCD_Callback(hpcd, PCD_BCD_DISCOVERY_COMPLETED);
 241:Drivers/STM32G0xx_HAL_Driver/Src/stm32g0xx_hal_pcd_ex.c **** #endif /* USE_HAL_PCD_REGISTER_CALLBACKS */
 242:Drivers/STM32G0xx_HAL_Driver/Src/stm32g0xx_hal_pcd_ex.c ****   }
 243:Drivers/STM32G0xx_HAL_Driver/Src/stm32g0xx_hal_pcd_ex.c **** }
 244:Drivers/STM32G0xx_HAL_Driver/Src/stm32g0xx_hal_pcd_ex.c **** 
 245:Drivers/STM32G0xx_HAL_Driver/Src/stm32g0xx_hal_pcd_ex.c **** 
 246:Drivers/STM32G0xx_HAL_Driver/Src/stm32g0xx_hal_pcd_ex.c **** /**
 247:Drivers/STM32G0xx_HAL_Driver/Src/stm32g0xx_hal_pcd_ex.c ****   * @brief  Activate LPM feature.
 248:Drivers/STM32G0xx_HAL_Driver/Src/stm32g0xx_hal_pcd_ex.c ****   * @param  hpcd PCD handle
 249:Drivers/STM32G0xx_HAL_Driver/Src/stm32g0xx_hal_pcd_ex.c ****   * @retval HAL status
 250:Drivers/STM32G0xx_HAL_Driver/Src/stm32g0xx_hal_pcd_ex.c ****   */
 251:Drivers/STM32G0xx_HAL_Driver/Src/stm32g0xx_hal_pcd_ex.c **** HAL_StatusTypeDef HAL_PCDEx_ActivateLPM(PCD_HandleTypeDef *hpcd)
 252:Drivers/STM32G0xx_HAL_Driver/Src/stm32g0xx_hal_pcd_ex.c **** {
 230              		.loc 1 252 1 is_stmt 1 view -0
 231              		.cfi_startproc
 232              		@ args = 0, pretend = 0, frame = 0
 233              		@ frame_needed = 0, uses_anonymous_args = 0
 234              		.loc 1 252 1 is_stmt 0 view .LVU63
 235 0000 10B5     		push	{r4, lr}
 236              	.LCFI1:
 237              		.cfi_def_cfa_offset 8
 238              		.cfi_offset 4, -8
 239              		.cfi_offset 14, -4
 253:Drivers/STM32G0xx_HAL_Driver/Src/stm32g0xx_hal_pcd_ex.c **** 
 254:Drivers/STM32G0xx_HAL_Driver/Src/stm32g0xx_hal_pcd_ex.c ****   USB_DRD_TypeDef *USBx = hpcd->Instance;
 240              		.loc 1 254 3 is_stmt 1 view .LVU64
 241              		.loc 1 254 20 is_stmt 0 view .LVU65
 242 0002 0368     		ldr	r3, [r0]
 243              	.LVL19:
 255:Drivers/STM32G0xx_HAL_Driver/Src/stm32g0xx_hal_pcd_ex.c ****   hpcd->lpm_active = 1U;
 244              		.loc 1 255 3 is_stmt 1 view .LVU66
 245              		.loc 1 255 20 is_stmt 0 view .LVU67
 246 0004 0121     		movs	r1, #1
 247 0006 BF22     		movs	r2, #191
 248 0008 9200     		lsls	r2, r2, #2
 249 000a 8150     		str	r1, [r0, r2]
 256:Drivers/STM32G0xx_HAL_Driver/Src/stm32g0xx_hal_pcd_ex.c ****   hpcd->LPM_State = LPM_L0;
 250              		.loc 1 256 3 is_stmt 1 view .LVU68
 251              		.loc 1 256 19 is_stmt 0 view .LVU69
 252 000c 083A     		subs	r2, r2, #8
ARM GAS  /tmp/cctnfvWH.s 			page 10


 253 000e 0024     		movs	r4, #0
 254 0010 8454     		strb	r4, [r0, r2]
 257:Drivers/STM32G0xx_HAL_Driver/Src/stm32g0xx_hal_pcd_ex.c **** 
 258:Drivers/STM32G0xx_HAL_Driver/Src/stm32g0xx_hal_pcd_ex.c ****   USBx->LPMCSR |= USB_LPMCSR_LMPEN;
 255              		.loc 1 258 3 is_stmt 1 view .LVU70
 256              		.loc 1 258 7 is_stmt 0 view .LVU71
 257 0012 5A6D     		ldr	r2, [r3, #84]
 258              		.loc 1 258 16 view .LVU72
 259 0014 0A43     		orrs	r2, r1
 260 0016 5A65     		str	r2, [r3, #84]
 259:Drivers/STM32G0xx_HAL_Driver/Src/stm32g0xx_hal_pcd_ex.c ****   USBx->LPMCSR |= USB_LPMCSR_LPMACK;
 261              		.loc 1 259 3 is_stmt 1 view .LVU73
 262              		.loc 1 259 7 is_stmt 0 view .LVU74
 263 0018 5A6D     		ldr	r2, [r3, #84]
 264              		.loc 1 259 16 view .LVU75
 265 001a 0131     		adds	r1, r1, #1
 266 001c 0A43     		orrs	r2, r1
 267 001e 5A65     		str	r2, [r3, #84]
 260:Drivers/STM32G0xx_HAL_Driver/Src/stm32g0xx_hal_pcd_ex.c **** 
 261:Drivers/STM32G0xx_HAL_Driver/Src/stm32g0xx_hal_pcd_ex.c ****   return HAL_OK;
 268              		.loc 1 261 3 is_stmt 1 view .LVU76
 262:Drivers/STM32G0xx_HAL_Driver/Src/stm32g0xx_hal_pcd_ex.c **** }
 269              		.loc 1 262 1 is_stmt 0 view .LVU77
 270 0020 0020     		movs	r0, #0
 271              	.LVL20:
 272              		.loc 1 262 1 view .LVU78
 273              		@ sp needed
 274 0022 10BD     		pop	{r4, pc}
 275              		.cfi_endproc
 276              	.LFE500:
 278              		.section	.text.HAL_PCDEx_DeActivateLPM,"ax",%progbits
 279              		.align	1
 280              		.global	HAL_PCDEx_DeActivateLPM
 281              		.syntax unified
 282              		.code	16
 283              		.thumb_func
 285              	HAL_PCDEx_DeActivateLPM:
 286              	.LVL21:
 287              	.LFB501:
 263:Drivers/STM32G0xx_HAL_Driver/Src/stm32g0xx_hal_pcd_ex.c **** 
 264:Drivers/STM32G0xx_HAL_Driver/Src/stm32g0xx_hal_pcd_ex.c **** /**
 265:Drivers/STM32G0xx_HAL_Driver/Src/stm32g0xx_hal_pcd_ex.c ****   * @brief  Deactivate LPM feature.
 266:Drivers/STM32G0xx_HAL_Driver/Src/stm32g0xx_hal_pcd_ex.c ****   * @param  hpcd PCD handle
 267:Drivers/STM32G0xx_HAL_Driver/Src/stm32g0xx_hal_pcd_ex.c ****   * @retval HAL status
 268:Drivers/STM32G0xx_HAL_Driver/Src/stm32g0xx_hal_pcd_ex.c ****   */
 269:Drivers/STM32G0xx_HAL_Driver/Src/stm32g0xx_hal_pcd_ex.c **** HAL_StatusTypeDef HAL_PCDEx_DeActivateLPM(PCD_HandleTypeDef *hpcd)
 270:Drivers/STM32G0xx_HAL_Driver/Src/stm32g0xx_hal_pcd_ex.c **** {
 288              		.loc 1 270 1 is_stmt 1 view -0
 289              		.cfi_startproc
 290              		@ args = 0, pretend = 0, frame = 0
 291              		@ frame_needed = 0, uses_anonymous_args = 0
 292              		@ link register save eliminated.
 271:Drivers/STM32G0xx_HAL_Driver/Src/stm32g0xx_hal_pcd_ex.c ****   USB_DRD_TypeDef *USBx = hpcd->Instance;
 293              		.loc 1 271 3 view .LVU80
 294              		.loc 1 271 20 is_stmt 0 view .LVU81
 295 0000 0368     		ldr	r3, [r0]
 296              	.LVL22:
ARM GAS  /tmp/cctnfvWH.s 			page 11


 272:Drivers/STM32G0xx_HAL_Driver/Src/stm32g0xx_hal_pcd_ex.c **** 
 273:Drivers/STM32G0xx_HAL_Driver/Src/stm32g0xx_hal_pcd_ex.c ****   hpcd->lpm_active = 0U;
 297              		.loc 1 273 3 is_stmt 1 view .LVU82
 298              		.loc 1 273 20 is_stmt 0 view .LVU83
 299 0002 BF22     		movs	r2, #191
 300 0004 9200     		lsls	r2, r2, #2
 301 0006 0021     		movs	r1, #0
 302 0008 8150     		str	r1, [r0, r2]
 274:Drivers/STM32G0xx_HAL_Driver/Src/stm32g0xx_hal_pcd_ex.c **** 
 275:Drivers/STM32G0xx_HAL_Driver/Src/stm32g0xx_hal_pcd_ex.c ****   USBx->LPMCSR &= ~(USB_LPMCSR_LMPEN);
 303              		.loc 1 275 3 is_stmt 1 view .LVU84
 304              		.loc 1 275 7 is_stmt 0 view .LVU85
 305 000a 5A6D     		ldr	r2, [r3, #84]
 306              		.loc 1 275 16 view .LVU86
 307 000c 0131     		adds	r1, r1, #1
 308 000e 8A43     		bics	r2, r1
 309 0010 5A65     		str	r2, [r3, #84]
 276:Drivers/STM32G0xx_HAL_Driver/Src/stm32g0xx_hal_pcd_ex.c ****   USBx->LPMCSR &= ~(USB_LPMCSR_LPMACK);
 310              		.loc 1 276 3 is_stmt 1 view .LVU87
 311              		.loc 1 276 7 is_stmt 0 view .LVU88
 312 0012 5A6D     		ldr	r2, [r3, #84]
 313              		.loc 1 276 16 view .LVU89
 314 0014 0131     		adds	r1, r1, #1
 315 0016 8A43     		bics	r2, r1
 316 0018 5A65     		str	r2, [r3, #84]
 277:Drivers/STM32G0xx_HAL_Driver/Src/stm32g0xx_hal_pcd_ex.c **** 
 278:Drivers/STM32G0xx_HAL_Driver/Src/stm32g0xx_hal_pcd_ex.c ****   return HAL_OK;
 317              		.loc 1 278 3 is_stmt 1 view .LVU90
 279:Drivers/STM32G0xx_HAL_Driver/Src/stm32g0xx_hal_pcd_ex.c **** }
 318              		.loc 1 279 1 is_stmt 0 view .LVU91
 319 001a 0020     		movs	r0, #0
 320              	.LVL23:
 321              		.loc 1 279 1 view .LVU92
 322              		@ sp needed
 323 001c 7047     		bx	lr
 324              		.cfi_endproc
 325              	.LFE501:
 327              		.section	.text.HAL_PCDEx_LPM_Callback,"ax",%progbits
 328              		.align	1
 329              		.weak	HAL_PCDEx_LPM_Callback
 330              		.syntax unified
 331              		.code	16
 332              		.thumb_func
 334              	HAL_PCDEx_LPM_Callback:
 335              	.LVL24:
 336              	.LFB502:
 280:Drivers/STM32G0xx_HAL_Driver/Src/stm32g0xx_hal_pcd_ex.c **** 
 281:Drivers/STM32G0xx_HAL_Driver/Src/stm32g0xx_hal_pcd_ex.c **** 
 282:Drivers/STM32G0xx_HAL_Driver/Src/stm32g0xx_hal_pcd_ex.c **** 
 283:Drivers/STM32G0xx_HAL_Driver/Src/stm32g0xx_hal_pcd_ex.c **** /**
 284:Drivers/STM32G0xx_HAL_Driver/Src/stm32g0xx_hal_pcd_ex.c ****   * @brief  Send LPM message to user layer callback.
 285:Drivers/STM32G0xx_HAL_Driver/Src/stm32g0xx_hal_pcd_ex.c ****   * @param  hpcd PCD handle
 286:Drivers/STM32G0xx_HAL_Driver/Src/stm32g0xx_hal_pcd_ex.c ****   * @param  msg LPM message
 287:Drivers/STM32G0xx_HAL_Driver/Src/stm32g0xx_hal_pcd_ex.c ****   * @retval HAL status
 288:Drivers/STM32G0xx_HAL_Driver/Src/stm32g0xx_hal_pcd_ex.c ****   */
 289:Drivers/STM32G0xx_HAL_Driver/Src/stm32g0xx_hal_pcd_ex.c **** __weak void HAL_PCDEx_LPM_Callback(PCD_HandleTypeDef *hpcd, PCD_LPM_MsgTypeDef msg)
 290:Drivers/STM32G0xx_HAL_Driver/Src/stm32g0xx_hal_pcd_ex.c **** {
ARM GAS  /tmp/cctnfvWH.s 			page 12


 337              		.loc 1 290 1 is_stmt 1 view -0
 338              		.cfi_startproc
 339              		@ args = 0, pretend = 0, frame = 0
 340              		@ frame_needed = 0, uses_anonymous_args = 0
 341              		@ link register save eliminated.
 291:Drivers/STM32G0xx_HAL_Driver/Src/stm32g0xx_hal_pcd_ex.c ****   /* Prevent unused argument(s) compilation warning */
 292:Drivers/STM32G0xx_HAL_Driver/Src/stm32g0xx_hal_pcd_ex.c ****   UNUSED(hpcd);
 342              		.loc 1 292 3 view .LVU94
 293:Drivers/STM32G0xx_HAL_Driver/Src/stm32g0xx_hal_pcd_ex.c ****   UNUSED(msg);
 343              		.loc 1 293 3 view .LVU95
 294:Drivers/STM32G0xx_HAL_Driver/Src/stm32g0xx_hal_pcd_ex.c **** 
 295:Drivers/STM32G0xx_HAL_Driver/Src/stm32g0xx_hal_pcd_ex.c ****   /* NOTE : This function should not be modified, when the callback is needed,
 296:Drivers/STM32G0xx_HAL_Driver/Src/stm32g0xx_hal_pcd_ex.c ****             the HAL_PCDEx_LPM_Callback could be implemented in the user file
 297:Drivers/STM32G0xx_HAL_Driver/Src/stm32g0xx_hal_pcd_ex.c ****    */
 298:Drivers/STM32G0xx_HAL_Driver/Src/stm32g0xx_hal_pcd_ex.c **** }
 344              		.loc 1 298 1 is_stmt 0 view .LVU96
 345              		@ sp needed
 346 0000 7047     		bx	lr
 347              		.cfi_endproc
 348              	.LFE502:
 350              		.section	.text.HAL_PCDEx_BCD_Callback,"ax",%progbits
 351              		.align	1
 352              		.weak	HAL_PCDEx_BCD_Callback
 353              		.syntax unified
 354              		.code	16
 355              		.thumb_func
 357              	HAL_PCDEx_BCD_Callback:
 358              	.LVL25:
 359              	.LFB503:
 299:Drivers/STM32G0xx_HAL_Driver/Src/stm32g0xx_hal_pcd_ex.c **** 
 300:Drivers/STM32G0xx_HAL_Driver/Src/stm32g0xx_hal_pcd_ex.c **** /**
 301:Drivers/STM32G0xx_HAL_Driver/Src/stm32g0xx_hal_pcd_ex.c ****   * @brief  Send BatteryCharging message to user layer callback.
 302:Drivers/STM32G0xx_HAL_Driver/Src/stm32g0xx_hal_pcd_ex.c ****   * @param  hpcd PCD handle
 303:Drivers/STM32G0xx_HAL_Driver/Src/stm32g0xx_hal_pcd_ex.c ****   * @param  msg LPM message
 304:Drivers/STM32G0xx_HAL_Driver/Src/stm32g0xx_hal_pcd_ex.c ****   * @retval HAL status
 305:Drivers/STM32G0xx_HAL_Driver/Src/stm32g0xx_hal_pcd_ex.c ****   */
 306:Drivers/STM32G0xx_HAL_Driver/Src/stm32g0xx_hal_pcd_ex.c **** __weak void HAL_PCDEx_BCD_Callback(PCD_HandleTypeDef *hpcd, PCD_BCD_MsgTypeDef msg)
 307:Drivers/STM32G0xx_HAL_Driver/Src/stm32g0xx_hal_pcd_ex.c **** {
 360              		.loc 1 307 1 is_stmt 1 view -0
 361              		.cfi_startproc
 362              		@ args = 0, pretend = 0, frame = 0
 363              		@ frame_needed = 0, uses_anonymous_args = 0
 364              		@ link register save eliminated.
 308:Drivers/STM32G0xx_HAL_Driver/Src/stm32g0xx_hal_pcd_ex.c ****   /* Prevent unused argument(s) compilation warning */
 309:Drivers/STM32G0xx_HAL_Driver/Src/stm32g0xx_hal_pcd_ex.c ****   UNUSED(hpcd);
 365              		.loc 1 309 3 view .LVU98
 310:Drivers/STM32G0xx_HAL_Driver/Src/stm32g0xx_hal_pcd_ex.c ****   UNUSED(msg);
 366              		.loc 1 310 3 view .LVU99
 311:Drivers/STM32G0xx_HAL_Driver/Src/stm32g0xx_hal_pcd_ex.c **** 
 312:Drivers/STM32G0xx_HAL_Driver/Src/stm32g0xx_hal_pcd_ex.c ****   /* NOTE : This function should not be modified, when the callback is needed,
 313:Drivers/STM32G0xx_HAL_Driver/Src/stm32g0xx_hal_pcd_ex.c ****             the HAL_PCDEx_BCD_Callback could be implemented in the user file
 314:Drivers/STM32G0xx_HAL_Driver/Src/stm32g0xx_hal_pcd_ex.c ****    */
 315:Drivers/STM32G0xx_HAL_Driver/Src/stm32g0xx_hal_pcd_ex.c **** }
 367              		.loc 1 315 1 is_stmt 0 view .LVU100
 368              		@ sp needed
 369 0000 7047     		bx	lr
 370              		.cfi_endproc
ARM GAS  /tmp/cctnfvWH.s 			page 13


 371              	.LFE503:
 373              		.section	.text.HAL_PCDEx_BCD_VBUSDetect,"ax",%progbits
 374              		.align	1
 375              		.global	HAL_PCDEx_BCD_VBUSDetect
 376              		.syntax unified
 377              		.code	16
 378              		.thumb_func
 380              	HAL_PCDEx_BCD_VBUSDetect:
 381              	.LVL26:
 382              	.LFB499:
 160:Drivers/STM32G0xx_HAL_Driver/Src/stm32g0xx_hal_pcd_ex.c ****   USB_DRD_TypeDef *USBx = hpcd->Instance;
 383              		.loc 1 160 1 is_stmt 1 view -0
 384              		.cfi_startproc
 385              		@ args = 0, pretend = 0, frame = 0
 386              		@ frame_needed = 0, uses_anonymous_args = 0
 160:Drivers/STM32G0xx_HAL_Driver/Src/stm32g0xx_hal_pcd_ex.c ****   USB_DRD_TypeDef *USBx = hpcd->Instance;
 387              		.loc 1 160 1 is_stmt 0 view .LVU102
 388 0000 70B5     		push	{r4, r5, r6, lr}
 389              	.LCFI2:
 390              		.cfi_def_cfa_offset 16
 391              		.cfi_offset 4, -16
 392              		.cfi_offset 5, -12
 393              		.cfi_offset 6, -8
 394              		.cfi_offset 14, -4
 395 0002 0500     		movs	r5, r0
 161:Drivers/STM32G0xx_HAL_Driver/Src/stm32g0xx_hal_pcd_ex.c ****   uint32_t tickstart = HAL_GetTick();
 396              		.loc 1 161 3 is_stmt 1 view .LVU103
 161:Drivers/STM32G0xx_HAL_Driver/Src/stm32g0xx_hal_pcd_ex.c ****   uint32_t tickstart = HAL_GetTick();
 397              		.loc 1 161 20 is_stmt 0 view .LVU104
 398 0004 0468     		ldr	r4, [r0]
 399              	.LVL27:
 162:Drivers/STM32G0xx_HAL_Driver/Src/stm32g0xx_hal_pcd_ex.c **** 
 400              		.loc 1 162 3 is_stmt 1 view .LVU105
 162:Drivers/STM32G0xx_HAL_Driver/Src/stm32g0xx_hal_pcd_ex.c **** 
 401              		.loc 1 162 24 is_stmt 0 view .LVU106
 402 0006 FFF7FEFF 		bl	HAL_GetTick
 403              	.LVL28:
 162:Drivers/STM32G0xx_HAL_Driver/Src/stm32g0xx_hal_pcd_ex.c **** 
 404              		.loc 1 162 24 view .LVU107
 405 000a 0600     		movs	r6, r0
 406              	.LVL29:
 165:Drivers/STM32G0xx_HAL_Driver/Src/stm32g0xx_hal_pcd_ex.c **** 
 407              		.loc 1 165 3 is_stmt 1 view .LVU108
 408 000c 9620     		movs	r0, #150
 409              	.LVL30:
 165:Drivers/STM32G0xx_HAL_Driver/Src/stm32g0xx_hal_pcd_ex.c **** 
 410              		.loc 1 165 3 is_stmt 0 view .LVU109
 411 000e 4000     		lsls	r0, r0, #1
 412 0010 FFF7FEFF 		bl	HAL_Delay
 413              	.LVL31:
 168:Drivers/STM32G0xx_HAL_Driver/Src/stm32g0xx_hal_pcd_ex.c ****   {
 414              		.loc 1 168 3 is_stmt 1 view .LVU110
 168:Drivers/STM32G0xx_HAL_Driver/Src/stm32g0xx_hal_pcd_ex.c ****   {
 415              		.loc 1 168 12 is_stmt 0 view .LVU111
 416 0014 A36D     		ldr	r3, [r4, #88]
 168:Drivers/STM32G0xx_HAL_Driver/Src/stm32g0xx_hal_pcd_ex.c ****   {
 417              		.loc 1 168 6 view .LVU112
ARM GAS  /tmp/cctnfvWH.s 			page 14


 418 0016 DB06     		lsls	r3, r3, #27
 419 0018 26D4     		bmi	.L20
 420              	.L13:
 178:Drivers/STM32G0xx_HAL_Driver/Src/stm32g0xx_hal_pcd_ex.c ****   HAL_Delay(50U);
 421              		.loc 1 178 3 is_stmt 1 view .LVU113
 178:Drivers/STM32G0xx_HAL_Driver/Src/stm32g0xx_hal_pcd_ex.c ****   HAL_Delay(50U);
 422              		.loc 1 178 7 is_stmt 0 view .LVU114
 423 001a A36D     		ldr	r3, [r4, #88]
 178:Drivers/STM32G0xx_HAL_Driver/Src/stm32g0xx_hal_pcd_ex.c ****   HAL_Delay(50U);
 424              		.loc 1 178 14 view .LVU115
 425 001c 0222     		movs	r2, #2
 426 001e 9343     		bics	r3, r2
 427 0020 A365     		str	r3, [r4, #88]
 179:Drivers/STM32G0xx_HAL_Driver/Src/stm32g0xx_hal_pcd_ex.c ****   USBx->BCDR |= (USB_BCDR_PDEN);
 428              		.loc 1 179 3 is_stmt 1 view .LVU116
 429 0022 3220     		movs	r0, #50
 430 0024 FFF7FEFF 		bl	HAL_Delay
 431              	.LVL32:
 180:Drivers/STM32G0xx_HAL_Driver/Src/stm32g0xx_hal_pcd_ex.c ****   HAL_Delay(50U);
 432              		.loc 1 180 3 view .LVU117
 180:Drivers/STM32G0xx_HAL_Driver/Src/stm32g0xx_hal_pcd_ex.c ****   HAL_Delay(50U);
 433              		.loc 1 180 7 is_stmt 0 view .LVU118
 434 0028 A36D     		ldr	r3, [r4, #88]
 180:Drivers/STM32G0xx_HAL_Driver/Src/stm32g0xx_hal_pcd_ex.c ****   HAL_Delay(50U);
 435              		.loc 1 180 14 view .LVU119
 436 002a 0422     		movs	r2, #4
 437 002c 1343     		orrs	r3, r2
 438 002e A365     		str	r3, [r4, #88]
 181:Drivers/STM32G0xx_HAL_Driver/Src/stm32g0xx_hal_pcd_ex.c **** 
 439              		.loc 1 181 3 is_stmt 1 view .LVU120
 440 0030 3220     		movs	r0, #50
 441 0032 FFF7FEFF 		bl	HAL_Delay
 442              	.LVL33:
 184:Drivers/STM32G0xx_HAL_Driver/Src/stm32g0xx_hal_pcd_ex.c ****   {
 443              		.loc 1 184 3 view .LVU121
 184:Drivers/STM32G0xx_HAL_Driver/Src/stm32g0xx_hal_pcd_ex.c ****   {
 444              		.loc 1 184 12 is_stmt 0 view .LVU122
 445 0036 A36D     		ldr	r3, [r4, #88]
 184:Drivers/STM32G0xx_HAL_Driver/Src/stm32g0xx_hal_pcd_ex.c ****   {
 446              		.loc 1 184 6 view .LVU123
 447 0038 9B06     		lsls	r3, r3, #26
 448 003a 1FD5     		bpl	.L14
 188:Drivers/STM32G0xx_HAL_Driver/Src/stm32g0xx_hal_pcd_ex.c ****     HAL_Delay(50U);
 449              		.loc 1 188 5 is_stmt 1 view .LVU124
 188:Drivers/STM32G0xx_HAL_Driver/Src/stm32g0xx_hal_pcd_ex.c ****     HAL_Delay(50U);
 450              		.loc 1 188 9 is_stmt 0 view .LVU125
 451 003c A36D     		ldr	r3, [r4, #88]
 188:Drivers/STM32G0xx_HAL_Driver/Src/stm32g0xx_hal_pcd_ex.c ****     HAL_Delay(50U);
 452              		.loc 1 188 16 view .LVU126
 453 003e 0422     		movs	r2, #4
 454 0040 9343     		bics	r3, r2
 455 0042 A365     		str	r3, [r4, #88]
 189:Drivers/STM32G0xx_HAL_Driver/Src/stm32g0xx_hal_pcd_ex.c ****     USBx->BCDR |= (USB_BCDR_SDEN);
 456              		.loc 1 189 5 is_stmt 1 view .LVU127
 457 0044 3220     		movs	r0, #50
 458 0046 FFF7FEFF 		bl	HAL_Delay
 459              	.LVL34:
ARM GAS  /tmp/cctnfvWH.s 			page 15


 190:Drivers/STM32G0xx_HAL_Driver/Src/stm32g0xx_hal_pcd_ex.c ****     HAL_Delay(50U);
 460              		.loc 1 190 5 view .LVU128
 190:Drivers/STM32G0xx_HAL_Driver/Src/stm32g0xx_hal_pcd_ex.c ****     HAL_Delay(50U);
 461              		.loc 1 190 9 is_stmt 0 view .LVU129
 462 004a A36D     		ldr	r3, [r4, #88]
 190:Drivers/STM32G0xx_HAL_Driver/Src/stm32g0xx_hal_pcd_ex.c ****     HAL_Delay(50U);
 463              		.loc 1 190 16 view .LVU130
 464 004c 0822     		movs	r2, #8
 465 004e 1343     		orrs	r3, r2
 466 0050 A365     		str	r3, [r4, #88]
 191:Drivers/STM32G0xx_HAL_Driver/Src/stm32g0xx_hal_pcd_ex.c **** 
 467              		.loc 1 191 5 is_stmt 1 view .LVU131
 468 0052 3220     		movs	r0, #50
 469 0054 FFF7FEFF 		bl	HAL_Delay
 470              	.LVL35:
 194:Drivers/STM32G0xx_HAL_Driver/Src/stm32g0xx_hal_pcd_ex.c ****     {
 471              		.loc 1 194 5 view .LVU132
 194:Drivers/STM32G0xx_HAL_Driver/Src/stm32g0xx_hal_pcd_ex.c ****     {
 472              		.loc 1 194 14 is_stmt 0 view .LVU133
 473 0058 A36D     		ldr	r3, [r4, #88]
 194:Drivers/STM32G0xx_HAL_Driver/Src/stm32g0xx_hal_pcd_ex.c ****     {
 474              		.loc 1 194 8 view .LVU134
 475 005a 5B06     		lsls	r3, r3, #25
 476 005c 09D5     		bpl	.L15
 200:Drivers/STM32G0xx_HAL_Driver/Src/stm32g0xx_hal_pcd_ex.c **** #endif /* USE_HAL_PCD_REGISTER_CALLBACKS */
 477              		.loc 1 200 7 is_stmt 1 view .LVU135
 478 005e FB21     		movs	r1, #251
 479 0060 2800     		movs	r0, r5
 480 0062 FFF7FEFF 		bl	HAL_PCDEx_BCD_Callback
 481              	.LVL36:
 482 0066 0DE0     		b	.L16
 483              	.L20:
 173:Drivers/STM32G0xx_HAL_Driver/Src/stm32g0xx_hal_pcd_ex.c **** #endif /* USE_HAL_PCD_REGISTER_CALLBACKS */
 484              		.loc 1 173 5 view .LVU136
 485 0068 FE21     		movs	r1, #254
 486 006a 2800     		movs	r0, r5
 487 006c FFF7FEFF 		bl	HAL_PCDEx_BCD_Callback
 488              	.LVL37:
 489 0070 D3E7     		b	.L13
 490              	.L15:
 209:Drivers/STM32G0xx_HAL_Driver/Src/stm32g0xx_hal_pcd_ex.c **** #endif /* USE_HAL_PCD_REGISTER_CALLBACKS */
 491              		.loc 1 209 7 view .LVU137
 492 0072 FC21     		movs	r1, #252
 493 0074 2800     		movs	r0, r5
 494 0076 FFF7FEFF 		bl	HAL_PCDEx_BCD_Callback
 495              	.LVL38:
 496 007a 03E0     		b	.L16
 497              	.L14:
 219:Drivers/STM32G0xx_HAL_Driver/Src/stm32g0xx_hal_pcd_ex.c **** #endif /* USE_HAL_PCD_REGISTER_CALLBACKS */
 498              		.loc 1 219 5 view .LVU138
 499 007c FD21     		movs	r1, #253
 500 007e 2800     		movs	r0, r5
 501 0080 FFF7FEFF 		bl	HAL_PCDEx_BCD_Callback
 502              	.LVL39:
 503              	.L16:
 224:Drivers/STM32G0xx_HAL_Driver/Src/stm32g0xx_hal_pcd_ex.c **** 
 504              		.loc 1 224 3 view .LVU139
ARM GAS  /tmp/cctnfvWH.s 			page 16


 224:Drivers/STM32G0xx_HAL_Driver/Src/stm32g0xx_hal_pcd_ex.c **** 
 505              		.loc 1 224 9 is_stmt 0 view .LVU140
 506 0084 2800     		movs	r0, r5
 507 0086 FFF7FEFF 		bl	HAL_PCDEx_DeActivateBCD
 508              	.LVL40:
 227:Drivers/STM32G0xx_HAL_Driver/Src/stm32g0xx_hal_pcd_ex.c ****   {
 509              		.loc 1 227 3 is_stmt 1 view .LVU141
 227:Drivers/STM32G0xx_HAL_Driver/Src/stm32g0xx_hal_pcd_ex.c ****   {
 510              		.loc 1 227 8 is_stmt 0 view .LVU142
 511 008a FFF7FEFF 		bl	HAL_GetTick
 512              	.LVL41:
 227:Drivers/STM32G0xx_HAL_Driver/Src/stm32g0xx_hal_pcd_ex.c ****   {
 513              		.loc 1 227 22 discriminator 1 view .LVU143
 514 008e 801B     		subs	r0, r0, r6
 227:Drivers/STM32G0xx_HAL_Driver/Src/stm32g0xx_hal_pcd_ex.c ****   {
 515              		.loc 1 227 6 discriminator 1 view .LVU144
 516 0090 FA23     		movs	r3, #250
 517 0092 9B00     		lsls	r3, r3, #2
 518 0094 9842     		cmp	r0, r3
 519 0096 04D9     		bls	.L17
 232:Drivers/STM32G0xx_HAL_Driver/Src/stm32g0xx_hal_pcd_ex.c **** #endif /* USE_HAL_PCD_REGISTER_CALLBACKS */
 520              		.loc 1 232 5 is_stmt 1 view .LVU145
 521 0098 FF21     		movs	r1, #255
 522 009a 2800     		movs	r0, r5
 523 009c FFF7FEFF 		bl	HAL_PCDEx_BCD_Callback
 524              	.LVL42:
 525              	.L12:
 243:Drivers/STM32G0xx_HAL_Driver/Src/stm32g0xx_hal_pcd_ex.c **** 
 526              		.loc 1 243 1 is_stmt 0 view .LVU146
 527              		@ sp needed
 528              	.LVL43:
 529              	.LVL44:
 530              	.LVL45:
 243:Drivers/STM32G0xx_HAL_Driver/Src/stm32g0xx_hal_pcd_ex.c **** 
 531              		.loc 1 243 1 view .LVU147
 532 00a0 70BD     		pop	{r4, r5, r6, pc}
 533              	.LVL46:
 534              	.L17:
 240:Drivers/STM32G0xx_HAL_Driver/Src/stm32g0xx_hal_pcd_ex.c **** #endif /* USE_HAL_PCD_REGISTER_CALLBACKS */
 535              		.loc 1 240 5 is_stmt 1 view .LVU148
 536 00a2 0021     		movs	r1, #0
 537 00a4 2800     		movs	r0, r5
 538 00a6 FFF7FEFF 		bl	HAL_PCDEx_BCD_Callback
 539              	.LVL47:
 243:Drivers/STM32G0xx_HAL_Driver/Src/stm32g0xx_hal_pcd_ex.c **** 
 540              		.loc 1 243 1 is_stmt 0 view .LVU149
 541 00aa F9E7     		b	.L12
 542              		.cfi_endproc
 543              	.LFE499:
 545              		.text
 546              	.Letext0:
 547              		.file 2 "/usr/arm-none-eabi/include/machine/_default_types.h"
 548              		.file 3 "/usr/arm-none-eabi/include/sys/_stdint.h"
 549              		.file 4 "Drivers/CMSIS/Device/ST/STM32G0xx/Include/stm32g0b1xx.h"
 550              		.file 5 "Drivers/STM32G0xx_HAL_Driver/Inc/stm32g0xx_hal_def.h"
 551              		.file 6 "Drivers/STM32G0xx_HAL_Driver/Inc/stm32g0xx_ll_usb.h"
 552              		.file 7 "Drivers/STM32G0xx_HAL_Driver/Inc/stm32g0xx_hal_pcd.h"
ARM GAS  /tmp/cctnfvWH.s 			page 17


 553              		.file 8 "Drivers/STM32G0xx_HAL_Driver/Inc/stm32g0xx_ll_dma.h"
 554              		.file 9 "Drivers/STM32G0xx_HAL_Driver/Inc/stm32g0xx_hal.h"
ARM GAS  /tmp/cctnfvWH.s 			page 18


DEFINED SYMBOLS
                            *ABS*:00000000 stm32g0xx_hal_pcd_ex.c
     /tmp/cctnfvWH.s:19     .text.HAL_PCDEx_PMAConfig:00000000 $t
     /tmp/cctnfvWH.s:25     .text.HAL_PCDEx_PMAConfig:00000000 HAL_PCDEx_PMAConfig
     /tmp/cctnfvWH.s:117    .text.HAL_PCDEx_ActivateBCD:00000000 $t
     /tmp/cctnfvWH.s:123    .text.HAL_PCDEx_ActivateBCD:00000000 HAL_PCDEx_ActivateBCD
     /tmp/cctnfvWH.s:179    .text.HAL_PCDEx_DeActivateBCD:00000000 $t
     /tmp/cctnfvWH.s:185    .text.HAL_PCDEx_DeActivateBCD:00000000 HAL_PCDEx_DeActivateBCD
     /tmp/cctnfvWH.s:221    .text.HAL_PCDEx_ActivateLPM:00000000 $t
     /tmp/cctnfvWH.s:227    .text.HAL_PCDEx_ActivateLPM:00000000 HAL_PCDEx_ActivateLPM
     /tmp/cctnfvWH.s:279    .text.HAL_PCDEx_DeActivateLPM:00000000 $t
     /tmp/cctnfvWH.s:285    .text.HAL_PCDEx_DeActivateLPM:00000000 HAL_PCDEx_DeActivateLPM
     /tmp/cctnfvWH.s:328    .text.HAL_PCDEx_LPM_Callback:00000000 $t
     /tmp/cctnfvWH.s:334    .text.HAL_PCDEx_LPM_Callback:00000000 HAL_PCDEx_LPM_Callback
     /tmp/cctnfvWH.s:351    .text.HAL_PCDEx_BCD_Callback:00000000 $t
     /tmp/cctnfvWH.s:357    .text.HAL_PCDEx_BCD_Callback:00000000 HAL_PCDEx_BCD_Callback
     /tmp/cctnfvWH.s:374    .text.HAL_PCDEx_BCD_VBUSDetect:00000000 $t
     /tmp/cctnfvWH.s:380    .text.HAL_PCDEx_BCD_VBUSDetect:00000000 HAL_PCDEx_BCD_VBUSDetect

UNDEFINED SYMBOLS
HAL_GetTick
HAL_Delay
